# JRE version: OpenJDK Runtime Environment (21.0.6) (build 21.0.6+-13368085-b895.109)
# Java VM: OpenJDK 64-Bit Server VM (21.0.6+-13368085-b895.109, mixed mode, tiered, compressed oops, compressed class ptrs, g1 gc, windows-amd64)
GC Precious Log:
 CardTable entry size: 512
 Card Set container configuration: InlinePtr #cards 5 size 8 Array Of Cards #cards 12 size 40 Howl #buckets 4 coarsen threshold 1843 Howl Bitmap #cards 512 size 80 coarsen threshold 460 Card regions per heap region 1 cards per card region 2048
 CPUs: 6 total, 6 available
 Memory: 16207M
 Large Page Support: Disabled
 NUMA Support: Disabled
 Compressed Oops: Enabled (32-bit)
 Heap Region Size: 1M
 Heap Min Capacity: 8M
 Heap Initial Capacity: 254M
 Heap Max Capacity: 2G
 Pre-touch: Disabled
 Parallel Workers: 6
 Concurrent Workers: 2
 Concurrent Refinement Workers: 6
 Periodic GC: Disabled
Heap:
 garbage-first heap   total 237568K, used 165181K [0x0000000080000000, 0x0000000100000000)
  region size 1024K, 21 young (21504K), 10 survivors (10240K)
 Metaspace       used 152106K, committed 154560K, reserved 1245184K
  class space    used 20444K, committed 21696K, reserved 1048576K
GC Heap History (20 events):
Event: 17.415 GC heap before
{Heap before GC invocations=46 (full 0):
 garbage-first heap   total 189440K, used 150915K [0x0000000080000000, 0x0000000100000000)
  region size 1024K, 44 young (45056K), 6 survivors (6144K)
 Metaspace       used 117530K, committed 119744K, reserved 1179648K
  class space    used 15856K, committed 16960K, reserved 1048576K
}
Event: 17.422 GC heap after
{Heap after GC invocations=47 (full 0):
 garbage-first heap   total 189440K, used 115260K [0x0000000080000000, 0x0000000100000000)
  region size 1024K, 4 young (4096K), 4 survivors (4096K)
 Metaspace       used 117530K, committed 119744K, reserved 1179648K
  class space    used 15856K, committed 16960K, reserved 1048576K
}
Event: 18.197 GC heap before
{Heap before GC invocations=47 (full 0):
 garbage-first heap   total 189440K, used 170556K [0x0000000080000000, 0x0000000100000000)
  region size 1024K, 59 young (60416K), 4 survivors (4096K)
 Metaspace       used 119209K, committed 121408K, reserved 1179648K
  class space    used 16075K, committed 17152K, reserved 1048576K
}
Event: 18.203 GC heap after
{Heap after GC invocations=48 (full 0):
 garbage-first heap   total 227328K, used 119156K [0x0000000080000000, 0x0000000100000000)
  region size 1024K, 8 young (8192K), 8 survivors (8192K)
 Metaspace       used 119209K, committed 121408K, reserved 1179648K
  class space    used 16075K, committed 17152K, reserved 1048576K
}
Event: 21.120 GC heap before
{Heap before GC invocations=48 (full 0):
 garbage-first heap   total 227328K, used 201076K [0x0000000080000000, 0x0000000100000000)
  region size 1024K, 89 young (91136K), 8 survivors (8192K)
 Metaspace       used 121113K, committed 123456K, reserved 1179648K
  class space    used 16297K, committed 17472K, reserved 1048576K
}
Event: 21.129 GC heap after
{Heap after GC invocations=49 (full 0):
 garbage-first heap   total 227328K, used 122917K [0x0000000080000000, 0x0000000100000000)
  region size 1024K, 10 young (10240K), 10 survivors (10240K)
 Metaspace       used 121113K, committed 123456K, reserved 1179648K
  class space    used 16297K, committed 17472K, reserved 1048576K
}
Event: 33.259 GC heap before
{Heap before GC invocations=49 (full 0):
 garbage-first heap   total 227328K, used 202789K [0x0000000080000000, 0x0000000100000000)
  region size 1024K, 89 young (91136K), 10 survivors (10240K)
 Metaspace       used 128499K, committed 130880K, reserved 1179648K
  class space    used 17291K, committed 18496K, reserved 1048576K
}
Event: 33.267 GC heap after
{Heap after GC invocations=50 (full 0):
 garbage-first heap   total 227328K, used 127635K [0x0000000080000000, 0x0000000100000000)
  region size 1024K, 11 young (11264K), 11 survivors (11264K)
 Metaspace       used 128499K, committed 130880K, reserved 1179648K
  class space    used 17291K, committed 18496K, reserved 1048576K
}
Event: 34.126 GC heap before
{Heap before GC invocations=50 (full 0):
 garbage-first heap   total 227328K, used 201363K [0x0000000080000000, 0x0000000100000000)
  region size 1024K, 84 young (86016K), 11 survivors (11264K)
 Metaspace       used 139032K, committed 141376K, reserved 1179648K
  class space    used 18897K, committed 20096K, reserved 1048576K
}
Event: 34.135 GC heap after
{Heap after GC invocations=51 (full 0):
 garbage-first heap   total 227328K, used 129366K [0x0000000080000000, 0x0000000100000000)
  region size 1024K, 7 young (7168K), 7 survivors (7168K)
 Metaspace       used 139032K, committed 141376K, reserved 1179648K
  class space    used 18897K, committed 20096K, reserved 1048576K
}
Event: 35.062 GC heap before
{Heap before GC invocations=52 (full 0):
 garbage-first heap   total 227328K, used 225622K [0x0000000080000000, 0x0000000100000000)
  region size 1024K, 51 young (52224K), 7 survivors (7168K)
 Metaspace       used 144342K, committed 146752K, reserved 1179648K
  class space    used 19785K, committed 20992K, reserved 1048576K
}
Event: 35.068 GC heap after
{Heap after GC invocations=53 (full 0):
 garbage-first heap   total 236544K, used 130882K [0x0000000080000000, 0x0000000100000000)
  region size 1024K, 4 young (4096K), 4 survivors (4096K)
 Metaspace       used 144342K, committed 146752K, reserved 1179648K
  class space    used 19785K, committed 20992K, reserved 1048576K
}
Event: 377.586 GC heap before
{Heap before GC invocations=53 (full 0):
 garbage-first heap   total 236544K, used 216898K [0x0000000080000000, 0x0000000100000000)
  region size 1024K, 89 young (91136K), 4 survivors (4096K)
 Metaspace       used 150746K, committed 153088K, reserved 1245184K
  class space    used 20374K, committed 21568K, reserved 1048576K
}
Event: 377.594 GC heap after
{Heap after GC invocations=54 (full 0):
 garbage-first heap   total 236544K, used 130954K [0x0000000080000000, 0x0000000100000000)
  region size 1024K, 5 young (5120K), 5 survivors (5120K)
 Metaspace       used 150746K, committed 153088K, reserved 1245184K
  class space    used 20374K, committed 21568K, reserved 1048576K
}
Event: 378.488 GC heap before
{Heap before GC invocations=54 (full 0):
 garbage-first heap   total 236544K, used 217994K [0x0000000080000000, 0x0000000100000000)
  region size 1024K, 90 young (92160K), 5 survivors (5120K)
 Metaspace       used 151275K, committed 153664K, reserved 1245184K
  class space    used 20375K, committed 21568K, reserved 1048576K
}
Event: 378.498 GC heap after
{Heap after GC invocations=55 (full 0):
 garbage-first heap   total 236544K, used 141976K [0x0000000080000000, 0x0000000100000000)
  region size 1024K, 12 young (12288K), 12 survivors (12288K)
 Metaspace       used 151275K, committed 153664K, reserved 1245184K
  class space    used 20375K, committed 21568K, reserved 1048576K
}
Event: 438.588 GC heap before
{Heap before GC invocations=56 (full 0):
 garbage-first heap   total 237568K, used 210584K [0x0000000080000000, 0x0000000100000000)
  region size 1024K, 79 young (80896K), 12 survivors (12288K)
 Metaspace       used 151791K, committed 154304K, reserved 1245184K
  class space    used 20442K, committed 21696K, reserved 1048576K
}
Event: 438.598 GC heap after
{Heap after GC invocations=57 (full 0):
 garbage-first heap   total 237568K, used 147085K [0x0000000080000000, 0x0000000100000000)
  region size 1024K, 5 young (5120K), 5 survivors (5120K)
 Metaspace       used 151791K, committed 154304K, reserved 1245184K
  class space    used 20442K, committed 21696K, reserved 1048576K
}
Event: 439.696 GC heap before
{Heap before GC invocations=57 (full 0):
 garbage-first heap   total 237568K, used 218765K [0x0000000080000000, 0x0000000100000000)
  region size 1024K, 75 young (76800K), 5 survivors (5120K)
 Metaspace       used 152059K, committed 154560K, reserved 1245184K
  class space    used 20444K, committed 21696K, reserved 1048576K
}
Event: 439.707 GC heap after
{Heap after GC invocations=58 (full 0):
 garbage-first heap   total 237568K, used 154941K [0x0000000080000000, 0x0000000100000000)
  region size 1024K, 10 young (10240K), 10 survivors (10240K)
 Metaspace       used 152059K, committed 154560K, reserved 1245184K
  class space    used 20444K, committed 21696K, reserved 1048576K
}

